[0310/085225.968:ERROR:process_reader_win.cc(123)] NtOpenThread: {Zugriff verweigert} Ein Prozess hat einen Zugriff auf ein Objekt angefordert, aber ihm wurden nicht die Rechte für den Zugriff erteilt. (0xc0000022)
[0310/085225.970:ERROR:exception_snapshot_win.cc(98)] thread ID 1380 not found in process
[0310/085226.100:ERROR:process_reader_win.cc(123)] NtOpenThread: {Zugriff verweigert} Ein Prozess hat einen Zugriff auf ein Objekt angefordert, aber ihm wurden nicht die Rechte für den Zugriff erteilt. (0xc0000022)
[0310/085226.100:ERROR:exception_snapshot_win.cc(98)] thread ID 22216 not found in process
[0310/104342.836:ERROR:process_reader_win.cc(123)] NtOpenThread: {Zugriff verweigert} Ein Prozess hat einen Zugriff auf ein Objekt angefordert, aber ihm wurden nicht die Rechte für den Zugriff erteilt. (0xc0000022)
[0310/104342.838:ERROR:exception_snapshot_win.cc(98)] thread ID 19176 not found in process
[0310/104342.966:ERROR:process_reader_win.cc(123)] NtOpenThread: {Zugriff verweigert} Ein Prozess hat einen Zugriff auf ein Objekt angefordert, aber ihm wurden nicht die Rechte für den Zugriff erteilt. (0xc0000022)
[0310/104342.966:ERROR:exception_snapshot_win.cc(98)] thread ID 2604 not found in process
[0310/104343.080:ERROR:process_reader_win.cc(123)] NtOpenThread: {Zugriff verweigert} Ein Prozess hat einen Zugriff auf ein Objekt angefordert, aber ihm wurden nicht die Rechte für den Zugriff erteilt. (0xc0000022)
[0310/104343.081:ERROR:exception_snapshot_win.cc(98)] thread ID 5380 not found in process
[0310/104343.185:ERROR:process_reader_win.cc(123)] NtOpenThread: {Zugriff verweigert} Ein Prozess hat einen Zugriff auf ein Objekt angefordert, aber ihm wurden nicht die Rechte für den Zugriff erteilt. (0xc0000022)
[0310/104343.185:ERROR:exception_snapshot_win.cc(98)] thread ID 7332 not found in process
[0310/110850.049:ERROR:process_reader_win.cc(123)] NtOpenThread: {Zugriff verweigert} Ein Prozess hat einen Zugriff auf ein Objekt angefordert, aber ihm wurden nicht die Rechte für den Zugriff erteilt. (0xc0000022)
[0310/110850.050:ERROR:exception_snapshot_win.cc(98)] thread ID 18884 not found in process
[0310/110850.124:ERROR:process_reader_win.cc(151)] SuspendThread: Zugriff verweigert (0x5)
[0310/110850.125:ERROR:process_reader_win.cc(123)] NtOpenThread: {Zugriff verweigert} Ein Prozess hat einen Zugriff auf ein Objekt angefordert, aber ihm wurden nicht die Rechte für den Zugriff erteilt. (0xc0000022)
[0310/110850.125:ERROR:exception_snapshot_win.cc(98)] thread ID 15860 not found in process
[0310/110932.689:ERROR:process_reader_win.cc(123)] NtOpenThread: {Zugriff verweigert} Ein Prozess hat einen Zugriff auf ein Objekt angefordert, aber ihm wurden nicht die Rechte für den Zugriff erteilt. (0xc0000022)
[0310/110932.690:ERROR:exception_snapshot_win.cc(98)] thread ID 3532 not found in process
[0310/110932.777:ERROR:process_reader_win.cc(151)] SuspendThread: Zugriff verweigert (0x5)
[0310/110932.777:ERROR:process_reader_win.cc(123)] NtOpenThread: {Zugriff verweigert} Ein Prozess hat einen Zugriff auf ein Objekt angefordert, aber ihm wurden nicht die Rechte für den Zugriff erteilt. (0xc0000022)
[0310/110932.777:ERROR:exception_snapshot_win.cc(98)] thread ID 25432 not found in process
[0310/112048.019:ERROR:process_reader_win.cc(123)] NtOpenThread: {Zugriff verweigert} Ein Prozess hat einen Zugriff auf ein Objekt angefordert, aber ihm wurden nicht die Rechte für den Zugriff erteilt. (0xc0000022)
[0310/112048.020:ERROR:exception_snapshot_win.cc(98)] thread ID 2424 not found in process
[0310/112048.124:ERROR:process_reader_win.cc(123)] NtOpenThread: {Zugriff verweigert} Ein Prozess hat einen Zugriff auf ein Objekt angefordert, aber ihm wurden nicht die Rechte für den Zugriff erteilt. (0xc0000022)
[0310/112048.124:ERROR:exception_snapshot_win.cc(98)] thread ID 11176 not found in process
[0310/112442.064:ERROR:process_reader_win.cc(123)] NtOpenThread: {Zugriff verweigert} Ein Prozess hat einen Zugriff auf ein Objekt angefordert, aber ihm wurden nicht die Rechte für den Zugriff erteilt. (0xc0000022)
[0310/112442.065:ERROR:exception_snapshot_win.cc(98)] thread ID 23896 not found in process
[0310/112442.094:ERROR:process_reader_win.cc(123)] NtOpenThread: {Zugriff verweigert} Ein Prozess hat einen Zugriff auf ein Objekt angefordert, aber ihm wurden nicht die Rechte für den Zugriff erteilt. (0xc0000022)
[0310/112442.094:ERROR:exception_snapshot_win.cc(98)] thread ID 15832 not found in process
[0310/140702.566:ERROR:process_reader_win.cc(123)] NtOpenThread: {Zugriff verweigert} Ein Prozess hat einen Zugriff auf ein Objekt angefordert, aber ihm wurden nicht die Rechte für den Zugriff erteilt. (0xc0000022)
[0310/140702.851:ERROR:exception_snapshot_win.cc(98)] thread ID 13884 not found in process
[0310/140702.935:ERROR:process_reader_win.cc(123)] NtOpenThread: {Zugriff verweigert} Ein Prozess hat einen Zugriff auf ein Objekt angefordert, aber ihm wurden nicht die Rechte für den Zugriff erteilt. (0xc0000022)
[0310/140702.935:ERROR:exception_snapshot_win.cc(98)] thread ID 5232 not found in process
[0310/140703.011:ERROR:process_reader_win.cc(151)] SuspendThread: Zugriff verweigert (0x5)
[0310/140703.012:ERROR:process_reader_win.cc(123)] NtOpenThread: {Zugriff verweigert} Ein Prozess hat einen Zugriff auf ein Objekt angefordert, aber ihm wurden nicht die Rechte für den Zugriff erteilt. (0xc0000022)
[0310/140703.012:ERROR:exception_snapshot_win.cc(98)] thread ID 22992 not found in process
[0310/140703.113:ERROR:process_reader_win.cc(123)] NtOpenThread: {Zugriff verweigert} Ein Prozess hat einen Zugriff auf ein Objekt angefordert, aber ihm wurden nicht die Rechte für den Zugriff erteilt. (0xc0000022)
[0310/140703.114:ERROR:exception_snapshot_win.cc(98)] thread ID 600 not found in process
[0310/140703.223:ERROR:process_reader_win.cc(151)] SuspendThread: Zugriff verweigert (0x5)
[0310/140703.224:ERROR:process_reader_win.cc(123)] NtOpenThread: {Zugriff verweigert} Ein Prozess hat einen Zugriff auf ein Objekt angefordert, aber ihm wurden nicht die Rechte für den Zugriff erteilt. (0xc0000022)
[0310/140703.224:ERROR:exception_snapshot_win.cc(98)] thread ID 13108 not found in process
[0310/140745.012:ERROR:process_reader_win.cc(123)] NtOpenThread: {Zugriff verweigert} Ein Prozess hat einen Zugriff auf ein Objekt angefordert, aber ihm wurden nicht die Rechte für den Zugriff erteilt. (0xc0000022)
[0310/140745.013:ERROR:exception_snapshot_win.cc(98)] thread ID 1488 not found in process
[0310/140745.112:ERROR:process_reader_win.cc(123)] NtOpenThread: {Zugriff verweigert} Ein Prozess hat einen Zugriff auf ein Objekt angefordert, aber ihm wurden nicht die Rechte für den Zugriff erteilt. (0xc0000022)
[0310/140745.112:ERROR:exception_snapshot_win.cc(98)] thread ID 23992 not found in process
[0310/140931.946:ERROR:process_reader_win.cc(123)] NtOpenThread: {Zugriff verweigert} Ein Prozess hat einen Zugriff auf ein Objekt angefordert, aber ihm wurden nicht die Rechte für den Zugriff erteilt. (0xc0000022)
[0310/140931.947:ERROR:exception_snapshot_win.cc(98)] thread ID 16732 not found in process
[0310/140931.960:ERROR:process_reader_win.cc(123)] NtOpenThread: {Zugriff verweigert} Ein Prozess hat einen Zugriff auf ein Objekt angefordert, aber ihm wurden nicht die Rechte für den Zugriff erteilt. (0xc0000022)
[0310/140931.960:ERROR:exception_snapshot_win.cc(98)] thread ID 25412 not found in process
[0310/140931.960:ERROR:scoped_process_suspend.cc(40)] NtResumeProcess: Es wurde versucht, auf einen Prozess zuzugreifen, der gerade beendet wurde. (0xc000010a)
[0310/141956.927:ERROR:process_reader_win.cc(123)] NtOpenThread: {Zugriff verweigert} Ein Prozess hat einen Zugriff auf ein Objekt angefordert, aber ihm wurden nicht die Rechte für den Zugriff erteilt. (0xc0000022)
[0310/141956.927:ERROR:exception_snapshot_win.cc(98)] thread ID 20916 not found in process
[0310/141956.945:ERROR:process_reader_win.cc(123)] NtOpenThread: {Zugriff verweigert} Ein Prozess hat einen Zugriff auf ein Objekt angefordert, aber ihm wurden nicht die Rechte für den Zugriff erteilt. (0xc0000022)
[0310/141956.945:ERROR:exception_snapshot_win.cc(98)] thread ID 22556 not found in process
[0310/141956.945:ERROR:scoped_process_suspend.cc(40)] NtResumeProcess: Es wurde versucht, auf einen Prozess zuzugreifen, der gerade beendet wurde. (0xc000010a)
[0310/142145.321:ERROR:process_reader_win.cc(123)] NtOpenThread: {Zugriff verweigert} Ein Prozess hat einen Zugriff auf ein Objekt angefordert, aber ihm wurden nicht die Rechte für den Zugriff erteilt. (0xc0000022)
[0310/142145.322:ERROR:exception_snapshot_win.cc(98)] thread ID 22756 not found in process
[0310/142145.343:ERROR:process_reader_win.cc(123)] NtOpenThread: {Zugriff verweigert} Ein Prozess hat einen Zugriff auf ein Objekt angefordert, aber ihm wurden nicht die Rechte für den Zugriff erteilt. (0xc0000022)
[0310/142145.343:ERROR:exception_snapshot_win.cc(98)] thread ID 22508 not found in process
[0310/142716.860:ERROR:process_reader_win.cc(123)] NtOpenThread: {Zugriff verweigert} Ein Prozess hat einen Zugriff auf ein Objekt angefordert, aber ihm wurden nicht die Rechte für den Zugriff erteilt. (0xc0000022)
[0310/142716.861:ERROR:exception_snapshot_win.cc(98)] thread ID 5756 not found in process
[0310/142716.951:ERROR:process_reader_win.cc(123)] NtOpenThread: {Zugriff verweigert} Ein Prozess hat einen Zugriff auf ein Objekt angefordert, aber ihm wurden nicht die Rechte für den Zugriff erteilt. (0xc0000022)
[0310/142716.951:ERROR:exception_snapshot_win.cc(98)] thread ID 26152 not found in process
[0310/142717.018:ERROR:process_reader_win.cc(123)] NtOpenThread: {Zugriff verweigert} Ein Prozess hat einen Zugriff auf ein Objekt angefordert, aber ihm wurden nicht die Rechte für den Zugriff erteilt. (0xc0000022)
[0310/142717.018:ERROR:exception_snapshot_win.cc(98)] thread ID 20740 not found in process
[0310/142745.050:ERROR:process_reader_win.cc(123)] NtOpenThread: {Zugriff verweigert} Ein Prozess hat einen Zugriff auf ein Objekt angefordert, aber ihm wurden nicht die Rechte für den Zugriff erteilt. (0xc0000022)
[0310/142745.051:ERROR:exception_snapshot_win.cc(98)] thread ID 5760 not found in process
[0310/142745.053:ERROR:process_reader_win.cc(123)] NtOpenThread: {Zugriff verweigert} Ein Prozess hat einen Zugriff auf ein Objekt angefordert, aber ihm wurden nicht die Rechte für den Zugriff erteilt. (0xc0000022)
[0310/142745.053:ERROR:exception_snapshot_win.cc(98)] thread ID 15392 not found in process
[0310/142810.686:ERROR:process_reader_win.cc(123)] NtOpenThread: {Zugriff verweigert} Ein Prozess hat einen Zugriff auf ein Objekt angefordert, aber ihm wurden nicht die Rechte für den Zugriff erteilt. (0xc0000022)
[0310/142810.687:ERROR:exception_snapshot_win.cc(98)] thread ID 7936 not found in process
[0310/142810.692:ERROR:process_reader_win.cc(123)] NtOpenThread: {Zugriff verweigert} Ein Prozess hat einen Zugriff auf ein Objekt angefordert, aber ihm wurden nicht die Rechte für den Zugriff erteilt. (0xc0000022)
[0310/142810.692:ERROR:exception_snapshot_win.cc(98)] thread ID 17912 not found in process
[0310/142810.706:ERROR:process_info.cc(329)] VirtualQueryEx: Zugriff verweigert (0x5)
[0310/142810.706:ERROR:process_info.cc(556)] ReadMemoryInfo failed
[0310/142810.706:ERROR:process_memory_win.cc(39)] Failed to initialize ProcessInfo.
[0310/142810.707:ERROR:scoped_process_suspend.cc(40)] NtResumeProcess: Es wurde versucht, auf einen Prozess zuzugreifen, der gerade beendet wurde. (0xc000010a)
[0310/145301.080:ERROR:process_reader_win.cc(123)] NtOpenThread: {Zugriff verweigert} Ein Prozess hat einen Zugriff auf ein Objekt angefordert, aber ihm wurden nicht die Rechte für den Zugriff erteilt. (0xc0000022)
[0310/145301.081:ERROR:exception_snapshot_win.cc(98)] thread ID 13868 not found in process
[0310/145301.177:ERROR:process_reader_win.cc(123)] NtOpenThread: {Zugriff verweigert} Ein Prozess hat einen Zugriff auf ein Objekt angefordert, aber ihm wurden nicht die Rechte für den Zugriff erteilt. (0xc0000022)
[0310/145301.177:ERROR:exception_snapshot_win.cc(98)] thread ID 11460 not found in process
[0310/145330.171:ERROR:process_reader_win.cc(123)] NtOpenThread: {Zugriff verweigert} Ein Prozess hat einen Zugriff auf ein Objekt angefordert, aber ihm wurden nicht die Rechte für den Zugriff erteilt. (0xc0000022)
[0310/145330.172:ERROR:exception_snapshot_win.cc(98)] thread ID 14328 not found in process
[0310/145330.243:ERROR:process_reader_win.cc(123)] NtOpenThread: {Zugriff verweigert} Ein Prozess hat einen Zugriff auf ein Objekt angefordert, aber ihm wurden nicht die Rechte für den Zugriff erteilt. (0xc0000022)
[0310/145330.244:ERROR:exception_snapshot_win.cc(98)] thread ID 15792 not found in process
[0310/153928.551:ERROR:process_reader_win.cc(123)] NtOpenThread: {Zugriff verweigert} Ein Prozess hat einen Zugriff auf ein Objekt angefordert, aber ihm wurden nicht die Rechte für den Zugriff erteilt. (0xc0000022)
[0310/153928.552:ERROR:exception_snapshot_win.cc(98)] thread ID 21404 not found in process
[0310/153928.645:ERROR:process_reader_win.cc(123)] NtOpenThread: {Zugriff verweigert} Ein Prozess hat einen Zugriff auf ein Objekt angefordert, aber ihm wurden nicht die Rechte für den Zugriff erteilt. (0xc0000022)
[0310/153928.645:ERROR:exception_snapshot_win.cc(98)] thread ID 24536 not found in process
[0310/154651.937:ERROR:process_reader_win.cc(123)] NtOpenThread: {Zugriff verweigert} Ein Prozess hat einen Zugriff auf ein Objekt angefordert, aber ihm wurden nicht die Rechte für den Zugriff erteilt. (0xc0000022)
[0310/154651.938:ERROR:exception_snapshot_win.cc(98)] thread ID 23288 not found in process
[0310/154652.130:ERROR:process_reader_win.cc(123)] NtOpenThread: {Zugriff verweigert} Ein Prozess hat einen Zugriff auf ein Objekt angefordert, aber ihm wurden nicht die Rechte für den Zugriff erteilt. (0xc0000022)
[0310/154652.130:ERROR:exception_snapshot_win.cc(98)] thread ID 14432 not found in process
[0310/154857.869:ERROR:process_reader_win.cc(123)] NtOpenThread: {Zugriff verweigert} Ein Prozess hat einen Zugriff auf ein Objekt angefordert, aber ihm wurden nicht die Rechte für den Zugriff erteilt. (0xc0000022)
[0310/154857.870:ERROR:exception_snapshot_win.cc(98)] thread ID 5676 not found in process
[0310/154857.955:ERROR:process_reader_win.cc(151)] SuspendThread: Zugriff verweigert (0x5)
[0310/154857.956:ERROR:process_reader_win.cc(123)] NtOpenThread: {Zugriff verweigert} Ein Prozess hat einen Zugriff auf ein Objekt angefordert, aber ihm wurden nicht die Rechte für den Zugriff erteilt. (0xc0000022)
[0310/154857.956:ERROR:exception_snapshot_win.cc(98)] thread ID 26608 not found in process
[0310/155002.701:ERROR:process_reader_win.cc(123)] NtOpenThread: {Zugriff verweigert} Ein Prozess hat einen Zugriff auf ein Objekt angefordert, aber ihm wurden nicht die Rechte für den Zugriff erteilt. (0xc0000022)
[0310/155002.701:ERROR:exception_snapshot_win.cc(98)] thread ID 28636 not found in process
[0310/155002.785:ERROR:process_reader_win.cc(123)] NtOpenThread: {Zugriff verweigert} Ein Prozess hat einen Zugriff auf ein Objekt angefordert, aber ihm wurden nicht die Rechte für den Zugriff erteilt. (0xc0000022)
[0310/155002.785:ERROR:exception_snapshot_win.cc(98)] thread ID 18568 not found in process
[0310/155002.900:ERROR:process_reader_win.cc(123)] NtOpenThread: {Zugriff verweigert} Ein Prozess hat einen Zugriff auf ein Objekt angefordert, aber ihm wurden nicht die Rechte für den Zugriff erteilt. (0xc0000022)
[0310/155002.900:ERROR:exception_snapshot_win.cc(98)] thread ID 20164 not found in process
[0310/155043.505:ERROR:process_reader_win.cc(123)] NtOpenThread: {Zugriff verweigert} Ein Prozess hat einen Zugriff auf ein Objekt angefordert, aber ihm wurden nicht die Rechte für den Zugriff erteilt. (0xc0000022)
[0310/155043.506:ERROR:exception_snapshot_win.cc(98)] thread ID 20040 not found in process
[0310/155043.571:ERROR:process_reader_win.cc(123)] NtOpenThread: {Zugriff verweigert} Ein Prozess hat einen Zugriff auf ein Objekt angefordert, aber ihm wurden nicht die Rechte für den Zugriff erteilt. (0xc0000022)
[0310/155043.571:ERROR:exception_snapshot_win.cc(98)] thread ID 28024 not found in process
[0310/155130.608:ERROR:process_reader_win.cc(123)] NtOpenThread: {Zugriff verweigert} Ein Prozess hat einen Zugriff auf ein Objekt angefordert, aber ihm wurden nicht die Rechte für den Zugriff erteilt. (0xc0000022)
[0310/155130.609:ERROR:exception_snapshot_win.cc(98)] thread ID 27864 not found in process
[0310/155130.616:ERROR:process_reader_win.cc(123)] NtOpenThread: {Zugriff verweigert} Ein Prozess hat einen Zugriff auf ein Objekt angefordert, aber ihm wurden nicht die Rechte für den Zugriff erteilt. (0xc0000022)
[0310/155130.616:ERROR:exception_snapshot_win.cc(98)] thread ID 28656 not found in process
[0310/155130.619:ERROR:process_reader_win.cc(123)] NtOpenThread: {Zugriff verweigert} Ein Prozess hat einen Zugriff auf ein Objekt angefordert, aber ihm wurden nicht die Rechte für den Zugriff erteilt. (0xc0000022)
[0310/155130.620:ERROR:exception_snapshot_win.cc(98)] thread ID 24632 not found in process
[0310/155235.418:ERROR:process_reader_win.cc(123)] NtOpenThread: {Zugriff verweigert} Ein Prozess hat einen Zugriff auf ein Objekt angefordert, aber ihm wurden nicht die Rechte für den Zugriff erteilt. (0xc0000022)
[0310/155235.419:ERROR:exception_snapshot_win.cc(98)] thread ID 18492 not found in process
[0310/155235.517:ERROR:process_reader_win.cc(123)] NtOpenThread: {Zugriff verweigert} Ein Prozess hat einen Zugriff auf ein Objekt angefordert, aber ihm wurden nicht die Rechte für den Zugriff erteilt. (0xc0000022)
[0310/155235.517:ERROR:exception_snapshot_win.cc(98)] thread ID 10944 not found in process
[0310/155535.491:ERROR:process_reader_win.cc(123)] NtOpenThread: {Zugriff verweigert} Ein Prozess hat einen Zugriff auf ein Objekt angefordert, aber ihm wurden nicht die Rechte für den Zugriff erteilt. (0xc0000022)
[0310/155535.491:ERROR:exception_snapshot_win.cc(98)] thread ID 1948 not found in process
[0310/155535.616:ERROR:process_reader_win.cc(123)] NtOpenThread: {Zugriff verweigert} Ein Prozess hat einen Zugriff auf ein Objekt angefordert, aber ihm wurden nicht die Rechte für den Zugriff erteilt. (0xc0000022)
[0310/155535.616:ERROR:exception_snapshot_win.cc(98)] thread ID 16268 not found in process
[0310/155615.175:ERROR:process_reader_win.cc(123)] NtOpenThread: {Zugriff verweigert} Ein Prozess hat einen Zugriff auf ein Objekt angefordert, aber ihm wurden nicht die Rechte für den Zugriff erteilt. (0xc0000022)
[0310/155615.176:ERROR:exception_snapshot_win.cc(98)] thread ID 12604 not found in process
[0310/155615.191:ERROR:process_info.cc(329)] VirtualQueryEx: Zugriff verweigert (0x5)
[0310/155615.192:ERROR:process_info.cc(556)] ReadMemoryInfo failed
[0310/155615.192:ERROR:process_memory_win.cc(39)] Failed to initialize ProcessInfo.
[0310/155615.193:ERROR:scoped_process_suspend.cc(40)] NtResumeProcess: Es wurde versucht, auf einen Prozess zuzugreifen, der gerade beendet wurde. (0xc000010a)
[0310/155800.731:ERROR:process_reader_win.cc(123)] NtOpenThread: {Zugriff verweigert} Ein Prozess hat einen Zugriff auf ein Objekt angefordert, aber ihm wurden nicht die Rechte für den Zugriff erteilt. (0xc0000022)
[0310/155800.732:ERROR:exception_snapshot_win.cc(98)] thread ID 21320 not found in process
[0310/155800.742:ERROR:process_reader_win.cc(123)] NtOpenThread: {Zugriff verweigert} Ein Prozess hat einen Zugriff auf ein Objekt angefordert, aber ihm wurden nicht die Rechte für den Zugriff erteilt. (0xc0000022)
[0310/155800.742:ERROR:exception_snapshot_win.cc(98)] thread ID 23844 not found in process
[0310/155905.077:ERROR:process_reader_win.cc(123)] NtOpenThread: {Zugriff verweigert} Ein Prozess hat einen Zugriff auf ein Objekt angefordert, aber ihm wurden nicht die Rechte für den Zugriff erteilt. (0xc0000022)
[0310/155905.078:ERROR:exception_snapshot_win.cc(98)] thread ID 28732 not found in process
[0310/155905.106:ERROR:process_reader_win.cc(123)] NtOpenThread: {Zugriff verweigert} Ein Prozess hat einen Zugriff auf ein Objekt angefordert, aber ihm wurden nicht die Rechte für den Zugriff erteilt. (0xc0000022)
[0310/155905.106:ERROR:exception_snapshot_win.cc(98)] thread ID 28728 not found in process
[0310/155905.106:ERROR:scoped_process_suspend.cc(40)] NtResumeProcess: Es wurde versucht, auf einen Prozess zuzugreifen, der gerade beendet wurde. (0xc000010a)
[0310/155905.107:ERROR:process_reader_win.cc(123)] NtOpenThread: {Zugriff verweigert} Ein Prozess hat einen Zugriff auf ein Objekt angefordert, aber ihm wurden nicht die Rechte für den Zugriff erteilt. (0xc0000022)
[0310/155905.107:ERROR:exception_snapshot_win.cc(98)] thread ID 28724 not found in process
[0310/160225.419:ERROR:process_reader_win.cc(123)] NtOpenThread: {Zugriff verweigert} Ein Prozess hat einen Zugriff auf ein Objekt angefordert, aber ihm wurden nicht die Rechte für den Zugriff erteilt. (0xc0000022)
[0310/160225.419:ERROR:exception_snapshot_win.cc(98)] thread ID 24076 not found in process
[0310/160225.534:ERROR:process_reader_win.cc(123)] NtOpenThread: {Zugriff verweigert} Ein Prozess hat einen Zugriff auf ein Objekt angefordert, aber ihm wurden nicht die Rechte für den Zugriff erteilt. (0xc0000022)
[0310/160225.534:ERROR:exception_snapshot_win.cc(98)] thread ID 29008 not found in process
[0310/160300.241:ERROR:process_reader_win.cc(123)] NtOpenThread: {Zugriff verweigert} Ein Prozess hat einen Zugriff auf ein Objekt angefordert, aber ihm wurden nicht die Rechte für den Zugriff erteilt. (0xc0000022)
[0310/160300.241:ERROR:process_reader_win.cc(123)] NtOpenThread: {Zugriff verweigert} Ein Prozess hat einen Zugriff auf ein Objekt angefordert, aber ihm wurden nicht die Rechte für den Zugriff erteilt. (0xc0000022)
[0310/160300.242:ERROR:exception_snapshot_win.cc(98)] thread ID 27764 not found in process
[0310/160300.242:ERROR:exception_snapshot_win.cc(98)] thread ID 20644 not found in process
[0310/161143.791:ERROR:process_reader_win.cc(123)] NtOpenThread: {Zugriff verweigert} Ein Prozess hat einen Zugriff auf ein Objekt angefordert, aber ihm wurden nicht die Rechte für den Zugriff erteilt. (0xc0000022)
[0310/161143.792:ERROR:exception_snapshot_win.cc(98)] thread ID 28328 not found in process
[0310/161143.817:ERROR:process_reader_win.cc(123)] NtOpenThread: {Zugriff verweigert} Ein Prozess hat einen Zugriff auf ein Objekt angefordert, aber ihm wurden nicht die Rechte für den Zugriff erteilt. (0xc0000022)
[0310/161143.818:ERROR:exception_snapshot_win.cc(98)] thread ID 18644 not found in process
